<?xml version="1.0" encoding="UTF-8"?>
<!-- Generated by org.testng.reporters.JUnitReportReporter -->
<testsuite hostname="DESKTOP-42ESNCU" failures="0" tests="1" name="restprogram.TestResponse" time="0.883" errors="0" timestamp="2024-07-01T09:46:49 IST" skipped="0">
  <testcase classname="restprogram.TestResponse" name="GetBookDetails" time="0.883"/>
</testsuite> <!-- restprogram.TestResponse -->
